<?xml version="1.0" encoding="UTF-8"?>
<!-- Generated by org.testng.reporters.JUnitReportReporter -->
<testsuite hostname="Juhis-MacBook-Air.local" failures="0" tests="2" name="org.submitOrderTest" time="10.017" errors="0" timestamp="2024-03-01T12:08:51 IST" skipped="0">
  <testcase classname="org.submitOrderTest" name="submitProductOrder" time="5.067"/>
  <testcase classname="org.submitOrderTest" name="submitProductOrder" time="4.950"/>
</testsuite> <!-- org.submitOrderTest -->
